<?xml version="1.0" encoding="UTF-8"?>
<!-- Generated by org.testng.reporters.JUnitXMLReporter -->
<testsuite hostname="DESKTOP-VC300A3" ignored="0" name="Default test" tests="4" failures="0" timestamp="2021-01-25T06:11:09 GMT" time="44.304" errors="0">
  <testcase name="check_twitterLink" time="4.309" classname="seleniumtests.MyTest"/>
  <testcase name="check_linkedinLink" time="4.032" classname="seleniumtests.MyTest"/>
  <testcase name="check_SolutionsLink" time="7.274" classname="seleniumtests.MyTest"/>
  <testcase name="check_LocationLink" time="3.031" classname="seleniumtests.MyTest"/>
</testsuite> <!-- Default test -->
