<?xml version="1.0" encoding="UTF-8"?>
<testng-results skipped="0" failed="0" ignored="0" total="1" passed="1">
  <reporter-output>
  </reporter-output>
  <suite name="Default suite" duration-ms="2076" started-at="2020-03-13T14:23:26 GMT" finished-at="2020-03-13T14:23:28 GMT">
    <groups>
    </groups>
    <test name="Default test" duration-ms="2076" started-at="2020-03-13T14:23:26 GMT" finished-at="2020-03-13T14:23:28 GMT">
      <class name="Test1.TC002_Get_RestAPI">
        <test-method status="PASS" signature="getergastreport()[pri:0, instance:Test1.TC002_Get_RestAPI@5e853265]" name="getergastreport" duration-ms="2055" started-at="2020-03-13T14:23:26 GMT" finished-at="2020-03-13T14:23:28 GMT">
          <reporter-output>
          </reporter-output>
        </test-method> <!-- getergastreport -->
      </class> <!-- Test1.TC002_Get_RestAPI -->
    </test> <!-- Default test -->
  </suite> <!-- Default suite -->
</testng-results>
